Application/build/intermediates/manifest_merge_blame_file/debug/manifest-merger-blame-debug-report.txt
1<?xml version="1.0" encoding="utf-8"?>
2<manifest xmlns:android="http://schemas.android.com/apk/res/android"
3    package="com.example.android.bluetoothchat"
4    android:versionCode="1"
5    android:versionName="1.0" >
6
7    <uses-sdk
8        android:minSdkVersion="14"
8-->src\main\AndroidManifest.xml
9        android:targetSdkVersion="29" />
9-->src\main\AndroidManifest.xml
10
11    <!-- Min/target SDK versions (<uses-sdk>) managed by build.gradle -->
12
13    <uses-permission android:name="android.permission.BLUETOOTH_ADMIN" />
13-->src\main\AndroidManifest.xml:12:5-74
13-->src\main\AndroidManifest.xml:12:22-71
14    <uses-permission android:name="android.permission.BLUETOOTH" />
14-->src\main\AndroidManifest.xml:13:5-68
14-->src\main\AndroidManifest.xml:13:22-65
15
16    <application
16-->src\main\AndroidManifest.xml:15:5-38:19
17        android:allowBackup="true"
17-->src\main\AndroidManifest.xml:16:9-35
18        android:appComponentFactory="androidx.core.app.CoreComponentFactory"
18-->[androidx.core:core:1.1.0] AndroidManifest.xml:24:18-86
19        android:debuggable="true"
20        android:icon="@drawable/ic_launcher"
20-->src\main\AndroidManifest.xml:17:9-45
21        android:label="@string/app_name"
21-->src\main\AndroidManifest.xml:18:9-41
22        android:testOnly="true"
23        android:theme="@style/AppTheme" >
23-->src\main\AndroidManifest.xml:19:9-40
24        <activity
24-->src\main\AndroidManifest.xml:22:9-30:20
25            android:name="com.example.android.bluetoothchat.MainActivity"
25-->src\main\AndroidManifest.xml:23:13-41
26            android:configChanges="orientation|keyboardHidden"
26-->src\main\AndroidManifest.xml:24:13-63
27            android:label="@string/app_name" >
27-->src\main\AndroidManifest.xml:25:13-45
28            <intent-filter>
28-->src\main\AndroidManifest.xml:26:13-29:29
29                <action android:name="android.intent.action.MAIN" />
29-->src\main\AndroidManifest.xml:27:17-69
29-->src\main\AndroidManifest.xml:27:25-66
30
31                <category android:name="android.intent.category.LAUNCHER" />
31-->src\main\AndroidManifest.xml:28:17-77
31-->src\main\AndroidManifest.xml:28:27-74
32            </intent-filter>
33        </activity>
34        <activity
34-->src\main\AndroidManifest.xml:32:9-36:64
35            android:name="com.example.android.bluetoothchat.DeviceListActivity"
35-->src\main\AndroidManifest.xml:33:13-47
36            android:configChanges="orientation|keyboardHidden"
36-->src\main\AndroidManifest.xml:34:13-63
37            android:label="@string/select_device"
37-->src\main\AndroidManifest.xml:35:13-50
38            android:theme="@android:style/Theme.Holo.Dialog" />
38-->src\main\AndroidManifest.xml:36:13-61
39    </application>
40
41</manifest>